Arguments: 
  C:\Program Files\nodejs\node.exe C:\Program Files (x86)\Yarn\bin\yarn.js add @tensorflow/tjfs

PATH: 
  C:\ProgramData\DockerDesktop\version-bin;C:\Program Files\Docker\Docker\Resources\bin;C:\Program Files\Microsoft MPI\Bin\;C:\Program Files (x86)\Intel\Intel(R) Management Engine Components\iCLS\;C:\Program Files\Intel\Intel(R) Management Engine Components\iCLS\;C:\Windows\system32;C:\Windows;C:\Windows\System32\Wbem;C:\Windows\System32\WindowsPowerShell\v1.0\;C:\Windows\System32\OpenSSH\;C:\Program Files (x86)\Intel\Intel(R) Management Engine Components\DAL;C:\Program Files\Intel\Intel(R) Management Engine Components\DAL;C:\Program Files (x86)\Intel\Intel(R) Management Engine Components\IPT;C:\Program Files\Intel\Intel(R) Management Engine Components\IPT;C:\Program Files (x86)\NVIDIA Corporation\PhysX\Common;C:\Program Files\Intel\WiFi\bin\;C:\Program Files\Common Files\Intel\WirelessCommon\;C:\Program Files\Microsoft VS Code\bin;C:\Program Files\Git\cmd;C:\Program Files\dotnet\;C:\Program Files\Microsoft SQL Server\130\Tools\Binn\;C:\Program Files\NVIDIA Corporation\NVIDIA NvDLISR;C:\Program Files\nodejs\;C:\Program Files (x86)\Yarn\bin\;%SystemRoot%\system32;%SystemRoot%;%SystemRoot%\System32\Wbem;%SYSTEMROOT%\System32\WindowsPowerShell\v1.0\;%SYSTEMROOT%\System32\OpenSSH\;C:\Users\sriha\AppData\Local\Microsoft\WindowsApps;C:\Users\sriha\AppData\Roaming\npm;C:\Users\sriha\.dotnet\tools;C:\flutter\bin;C:\Android\tools;C:\Android\platform-tools;C:\Users\sriha\AppData\Local\Yarn\bin;C:\Users\sriha\AppData\Local\Microsoft\WindowsApps;C:\Users\sriha\AppData\Local\GitHubDesktop\bin

Yarn version: 
  1.13.0

Node version: 
  10.15.0

Platform: 
  win32 x64

Trace: 
  Error: https://registry.yarnpkg.com/@tensorflow%2ftjfs: Not found
      at Request.params.callback [as _callback] (C:\Program Files (x86)\Yarn\lib\cli.js:65364:18)
      at Request.self.callback (C:\Program Files (x86)\Yarn\lib\cli.js:129397:22)
      at Request.emit (events.js:182:13)
      at Request.<anonymous> (C:\Program Files (x86)\Yarn\lib\cli.js:130369:10)
      at Request.emit (events.js:182:13)
      at IncomingMessage.<anonymous> (C:\Program Files (x86)\Yarn\lib\cli.js:130291:12)
      at Object.onceWrapper (events.js:273:13)
      at IncomingMessage.emit (events.js:187:15)
      at endReadableNT (_stream_readable.js:1094:12)
      at process._tickCallback (internal/process/next_tick.js:63:19)

npm manifest: 
  {
    "name": "mobilenet-tfjs-workshop",
    "version": "1.1.0",
    "description": "Learn to build an image classifier with JavaScript and Tensorflow.js!",
    "main": "main.js",
    "repository": "https://github.com/Sriharish/mobilenet-tfjs-workshop.git",
    "author": "Asim Hussain<asim@codecraft.tv>",
    "license": "MIT",
    "dependencies": {
      "p5": "^0.8.0"
    },
    "devDependencies": {
      "@types/p5": "^0.7.2"
    }
  }

yarn manifest: 
  No manifest

Lockfile: 
  # THIS IS AN AUTOGENERATED FILE. DO NOT EDIT THIS FILE DIRECTLY.
  # yarn lockfile v1
  
  
  "@types/p5@^0.7.2":
    version "0.7.2"
    resolved "https://registry.yarnpkg.com/@types/p5/-/p5-0.7.2.tgz#783601010d66a2039a7e40ec5388737611c0c85f"
    integrity sha512-RZP5vE2HoPYP3TOCNpAK883z/0wNAgZ2svuk8o5eZ3aEREm2qaYYQW/w0373CjcmtEtYdGaeLqOgU7AaozGnNA==
  
  p5@^0.8.0:
    version "0.8.0"
    resolved "https://registry.yarnpkg.com/p5/-/p5-0.8.0.tgz#af4cd2f25b2e77023dff24d845cbdbdaa47d4fd2"
    integrity sha512-X415HATmOwcbWpgXTCHyDNdcGTNuzuZFaW9GoOsZd3PFrTmugdf+xLr9AO+rGHxBOFgdqfaj766vJeH1wPkCrQ==
